10/26/2016 2:52:30 PM	This log contains information about the import schema operation into project 'BoardChitless' on computer 'CAPPLE-WIN10' by user 'capple'.
10/26/2016 2:52:30 PM	Import of database schema has started.
10/26/2016 2:52:38 PM	Gathering database options
10/26/2016 2:52:38 PM	Gathering users
10/26/2016 2:52:38 PM	Gathering roles
10/26/2016 2:52:38 PM	Gathering application roles
10/26/2016 2:52:38 PM	Gathering role memberships
10/26/2016 2:52:38 PM	Gathering filegroups
10/26/2016 2:52:38 PM	Gathering full-text catalogs
10/26/2016 2:52:38 PM	Gathering assemblies
10/26/2016 2:52:38 PM	Gathering certificates
10/26/2016 2:52:38 PM	Gathering asymmetric keys
10/26/2016 2:52:38 PM	Gathering symmetric keys
10/26/2016 2:52:38 PM	Gathering encrypted symmetric keys
10/26/2016 2:52:38 PM	Gathering schemas
10/26/2016 2:52:38 PM	Gathering XML schema collections
10/26/2016 2:52:38 PM	Gathering user-defined data types
10/26/2016 2:52:38 PM	Gathering user-defined types
10/26/2016 2:52:38 PM	Gathering table types
10/26/2016 2:52:38 PM	Gathering unique keys for table types
10/26/2016 2:52:38 PM	Gathering primary keys for table types
10/26/2016 2:52:38 PM	Gathering indexes for table types
10/26/2016 2:52:38 PM	Gathering check constraints for table types
10/26/2016 2:52:38 PM	Gathering default constraints for table types
10/26/2016 2:52:38 PM	Gathering partition functions
10/26/2016 2:52:38 PM	Gathering partition schemes
10/26/2016 2:52:38 PM	Gathering functions
10/26/2016 2:52:38 PM	Gathering encrypted functions
10/26/2016 2:52:38 PM	Gathering aggregates
10/26/2016 2:52:38 PM	Gathering procedures
10/26/2016 2:52:38 PM	Gathering encrypted procedures
10/26/2016 2:52:38 PM	Gathering tables
10/26/2016 2:52:38 PM	Gathering primary keys
10/26/2016 2:52:38 PM	Gathering unique constraints
10/26/2016 2:52:38 PM	Gathering foreign keys
10/26/2016 2:52:38 PM	Gathering default constraints
10/26/2016 2:52:38 PM	Gathering check constraints
10/26/2016 2:52:38 PM	Gathering views
10/26/2016 2:52:38 PM	Gathering encrypted views
10/26/2016 2:52:38 PM	Gathering indexes
10/26/2016 2:52:38 PM	Gathering statistics
10/26/2016 2:52:38 PM	Gathering full-text index stoplists
10/26/2016 2:52:38 PM	Gathering search property lists
10/26/2016 2:52:38 PM	Gathering search properties
10/26/2016 2:52:38 PM	Gathering full-text indexes
10/26/2016 2:52:38 PM	Gathering column store indexes
10/26/2016 2:52:38 PM	Gathering spatial indexes
10/26/2016 2:52:38 PM	Gathering XML indexes
10/26/2016 2:52:38 PM	Gathering Selective XML indexes
10/26/2016 2:52:39 PM	Gathering encrypted triggers
10/26/2016 2:52:39 PM	Gathering triggers
10/26/2016 2:52:39 PM	Gathering encrypted and clr ddl triggers
10/26/2016 2:52:39 PM	Gathering ddl triggers
10/26/2016 2:52:39 PM	Gathering synonyms
10/26/2016 2:52:39 PM	Gathering defaults
10/26/2016 2:52:39 PM	Gathering data constraint uddt bindings
10/26/2016 2:52:39 PM	Gathering rules
10/26/2016 2:52:39 PM	Gathering data constraint uddt bindings
10/26/2016 2:52:39 PM	Gathering message types
10/26/2016 2:52:39 PM	Gathering queues
10/26/2016 2:52:39 PM	Gathering contracts
10/26/2016 2:52:39 PM	Gathering services
10/26/2016 2:52:39 PM	Gathering event notifications
10/26/2016 2:52:39 PM	Gathering remote service bindings
10/26/2016 2:52:39 PM	Gathering broker priorities
10/26/2016 2:52:39 PM	Gathering signatures
10/26/2016 2:52:39 PM	Gathering data compression options
10/26/2016 2:52:39 PM	Gathering sequence types
10/26/2016 2:52:39 PM	Gathering extended properties
10/26/2016 2:52:39 PM	Gathering credentials
10/26/2016 2:52:39 PM	Gathering logins
10/26/2016 2:52:39 PM	Gathering server audits
10/26/2016 2:52:39 PM	Scanning project for duplicate elements
10/26/2016 2:52:40 PM	Finished duplicate element processing
10/26/2016 2:52:40 PM	Finished importing database.
10/26/2016 2:52:40 PM	A summary of the import was saved to the following location: C:\Users\capple\Documents\gitLab\boardchitless-api\BoardChitless\Import Schema Logs\BoardChitless_20161026075230.log
10/26/2016 2:52:40 PM	Click Finish to continue...
